<?xml version="1.0" encoding="UTF-8"?>
<testsuite xmlns:xsi="http://www.w3.org/2001/XMLSchema-instance" xsi:noNamespaceSchemaLocation="https://maven.apache.org/surefire/maven-surefire-plugin/xsd/surefire-test-report-3.0.xsd" version="3.0" name="TestSuite" time="172.095" tests="10" errors="0" skipped="0" failures="0">
  <properties>
    <property name="java.specification.version" value="17"/>
    <property name="sun.cpu.isalist" value="amd64"/>
    <property name="sun.jnu.encoding" value="Cp1252"/>
    <property name="java.class.path" value="C:\Users\wbox42\eclipse-workspace\WaitListMeSynchronised\target\test-classes;C:\Users\wbox42\eclipse-workspace\WaitListMeSynchronised\target\classes;C:\Users\wbox42\.m2\repository\org\seleniumhq\selenium\selenium-java\4.16.1\selenium-java-4.16.1.jar;C:\Users\wbox42\.m2\repository\org\seleniumhq\selenium\selenium-api\4.16.1\selenium-api-4.16.1.jar;C:\Users\wbox42\.m2\repository\org\seleniumhq\selenium\selenium-chrome-driver\4.16.1\selenium-chrome-driver-4.16.1.jar;C:\Users\wbox42\.m2\repository\com\google\auto\service\auto-service-annotations\1.1.1\auto-service-annotations-1.1.1.jar;C:\Users\wbox42\.m2\repository\org\seleniumhq\selenium\selenium-chromium-driver\4.16.1\selenium-chromium-driver-4.16.1.jar;C:\Users\wbox42\.m2\repository\org\seleniumhq\selenium\selenium-json\4.16.1\selenium-json-4.16.1.jar;C:\Users\wbox42\.m2\repository\org\seleniumhq\selenium\selenium-manager\4.16.1\selenium-manager-4.16.1.jar;C:\Users\wbox42\.m2\repository\org\seleniumhq\selenium\selenium-devtools-v118\4.16.1\selenium-devtools-v118-4.16.1.jar;C:\Users\wbox42\.m2\repository\org\seleniumhq\selenium\selenium-devtools-v119\4.16.1\selenium-devtools-v119-4.16.1.jar;C:\Users\wbox42\.m2\repository\org\seleniumhq\selenium\selenium-devtools-v120\4.16.1\selenium-devtools-v120-4.16.1.jar;C:\Users\wbox42\.m2\repository\org\seleniumhq\selenium\selenium-devtools-v85\4.16.1\selenium-devtools-v85-4.16.1.jar;C:\Users\wbox42\.m2\repository\org\seleniumhq\selenium\selenium-edge-driver\4.16.1\selenium-edge-driver-4.16.1.jar;C:\Users\wbox42\.m2\repository\org\seleniumhq\selenium\selenium-firefox-driver\4.16.1\selenium-firefox-driver-4.16.1.jar;C:\Users\wbox42\.m2\repository\org\seleniumhq\selenium\selenium-http\4.16.1\selenium-http-4.16.1.jar;C:\Users\wbox42\.m2\repository\dev\failsafe\failsafe\3.3.2\failsafe-3.3.2.jar;C:\Users\wbox42\.m2\repository\org\seleniumhq\selenium\selenium-ie-driver\4.16.1\selenium-ie-driver-4.16.1.jar;C:\Users\wbox42\.m2\repository\org\seleniumhq\selenium\selenium-remote-driver\4.16.1\selenium-remote-driver-4.16.1.jar;C:\Users\wbox42\.m2\repository\com\google\guava\guava\32.1.2-jre\guava-32.1.2-jre.jar;C:\Users\wbox42\.m2\repository\com\google\guava\failureaccess\1.0.1\failureaccess-1.0.1.jar;C:\Users\wbox42\.m2\repository\com\google\guava\listenablefuture\9999.0-empty-to-avoid-conflict-with-guava\listenablefuture-9999.0-empty-to-avoid-conflict-with-guava.jar;C:\Users\wbox42\.m2\repository\com\google\code\findbugs\jsr305\3.0.2\jsr305-3.0.2.jar;C:\Users\wbox42\.m2\repository\org\checkerframework\checker-qual\3.33.0\checker-qual-3.33.0.jar;C:\Users\wbox42\.m2\repository\com\google\errorprone\error_prone_annotations\2.18.0\error_prone_annotations-2.18.0.jar;C:\Users\wbox42\.m2\repository\com\google\j2objc\j2objc-annotations\2.8\j2objc-annotations-2.8.jar;C:\Users\wbox42\.m2\repository\io\opentelemetry\opentelemetry-api\1.28.0\opentelemetry-api-1.28.0.jar;C:\Users\wbox42\.m2\repository\io\opentelemetry\opentelemetry-context\1.28.0\opentelemetry-context-1.28.0.jar;C:\Users\wbox42\.m2\repository\io\opentelemetry\opentelemetry-exporter-logging\1.28.0\opentelemetry-exporter-logging-1.28.0.jar;C:\Users\wbox42\.m2\repository\io\opentelemetry\opentelemetry-sdk-metrics\1.28.0\opentelemetry-sdk-metrics-1.28.0.jar;C:\Users\wbox42\.m2\repository\io\opentelemetry\opentelemetry-extension-incubator\1.28.0-alpha\opentelemetry-extension-incubator-1.28.0-alpha.jar;C:\Users\wbox42\.m2\repository\io\opentelemetry\opentelemetry-sdk-logs\1.28.0\opentelemetry-sdk-logs-1.28.0.jar;C:\Users\wbox42\.m2\repository\io\opentelemetry\opentelemetry-sdk-common\1.28.0\opentelemetry-sdk-common-1.28.0.jar;C:\Users\wbox42\.m2\repository\io\opentelemetry\opentelemetry-sdk-extension-autoconfigure-spi\1.28.0\opentelemetry-sdk-extension-autoconfigure-spi-1.28.0.jar;C:\Users\wbox42\.m2\repository\io\opentelemetry\opentelemetry-sdk-extension-autoconfigure\1.28.0\opentelemetry-sdk-extension-autoconfigure-1.28.0.jar;C:\Users\wbox42\.m2\repository\io\opentelemetry\opentelemetry-api-events\1.28.0-alpha\opentelemetry-api-events-1.28.0-alpha.jar;C:\Users\wbox42\.m2\repository\io\opentelemetry\opentelemetry-sdk-trace\1.28.0\opentelemetry-sdk-trace-1.28.0.jar;C:\Users\wbox42\.m2\repository\io\opentelemetry\opentelemetry-sdk\1.28.0\opentelemetry-sdk-1.28.0.jar;C:\Users\wbox42\.m2\repository\io\opentelemetry\opentelemetry-semconv\1.28.0-alpha\opentelemetry-semconv-1.28.0-alpha.jar;C:\Users\wbox42\.m2\repository\net\bytebuddy\byte-buddy\1.14.5\byte-buddy-1.14.5.jar;C:\Users\wbox42\.m2\repository\org\seleniumhq\selenium\selenium-os\4.16.1\selenium-os-4.16.1.jar;C:\Users\wbox42\.m2\repository\org\apache\commons\commons-exec\1.3\commons-exec-1.3.jar;C:\Users\wbox42\.m2\repository\org\seleniumhq\selenium\selenium-safari-driver\4.16.1\selenium-safari-driver-4.16.1.jar;C:\Users\wbox42\.m2\repository\org\seleniumhq\selenium\selenium-support\4.16.1\selenium-support-4.16.1.jar;C:\Users\wbox42\.m2\repository\commons-io\commons-io\2.11.0\commons-io-2.11.0.jar;C:\Users\wbox42\.m2\repository\org\apache\poi\poi\5.2.3\poi-5.2.3.jar;C:\Users\wbox42\.m2\repository\commons-codec\commons-codec\1.15\commons-codec-1.15.jar;C:\Users\wbox42\.m2\repository\org\apache\commons\commons-collections4\4.4\commons-collections4-4.4.jar;C:\Users\wbox42\.m2\repository\org\apache\commons\commons-math3\3.6.1\commons-math3-3.6.1.jar;C:\Users\wbox42\.m2\repository\com\zaxxer\SparseBitSet\1.2\SparseBitSet-1.2.jar;C:\Users\wbox42\.m2\repository\org\apache\poi\poi-ooxml\5.2.3\poi-ooxml-5.2.3.jar;C:\Users\wbox42\.m2\repository\org\apache\poi\poi-ooxml-lite\5.2.3\poi-ooxml-lite-5.2.3.jar;C:\Users\wbox42\.m2\repository\org\apache\xmlbeans\xmlbeans\5.1.1\xmlbeans-5.1.1.jar;C:\Users\wbox42\.m2\repository\org\apache\commons\commons-compress\1.21\commons-compress-1.21.jar;C:\Users\wbox42\.m2\repository\com\github\virtuald\curvesapi\1.07\curvesapi-1.07.jar;C:\Users\wbox42\.m2\repository\org\testng\testng\7.4.0\testng-7.4.0.jar;C:\Users\wbox42\.m2\repository\com\beust\jcommander\1.78\jcommander-1.78.jar;C:\Users\wbox42\.m2\repository\org\webjars\jquery\3.5.1\jquery-3.5.1.jar;C:\Users\wbox42\.m2\repository\com\aventstack\extentreports\3.1.5\extentreports-3.1.5.jar;C:\Users\wbox42\.m2\repository\org\freemarker\freemarker\2.3.23\freemarker-2.3.23.jar;C:\Users\wbox42\.m2\repository\org\mongodb\mongodb-driver\3.3.0\mongodb-driver-3.3.0.jar;C:\Users\wbox42\.m2\repository\org\mongodb\bson\3.3.0\bson-3.3.0.jar;C:\Users\wbox42\.m2\repository\org\mongodb\mongodb-driver-core\3.3.0\mongodb-driver-core-3.3.0.jar;C:\Users\wbox42\.m2\repository\org\apache\httpcomponents\httpclient\4.5.2\httpclient-4.5.2.jar;C:\Users\wbox42\.m2\repository\org\apache\httpcomponents\httpcore\4.4.4\httpcore-4.4.4.jar;C:\Users\wbox42\.m2\repository\commons-logging\commons-logging\1.2\commons-logging-1.2.jar;C:\Users\wbox42\.m2\repository\org\apache\httpcomponents\httpmime\4.5.2\httpmime-4.5.2.jar;C:\Users\wbox42\.m2\repository\org\jsoup\jsoup\1.9.2\jsoup-1.9.2.jar;C:\Users\wbox42\.m2\repository\com\google\code\gson\gson\2.8.0\gson-2.8.0.jar;C:\Users\wbox42\.m2\repository\org\apache\logging\log4j\log4j-api\2.20.0\log4j-api-2.20.0.jar;C:\Users\wbox42\.m2\repository\org\apache\logging\log4j\log4j-core\2.20.0\log4j-core-2.20.0.jar;"/>
    <property name="java.vm.vendor" value="Eclipse Adoptium"/>
    <property name="sun.arch.data.model" value="64"/>
    <property name="user.variant" value=""/>
    <property name="java.vendor.url" value="https://adoptium.net/"/>
    <property name="user.timezone" value="Asia/Calcutta"/>
    <property name="os.name" value="Windows 10"/>
    <property name="java.vm.specification.version" value="17"/>
    <property name="sun.java.launcher" value="SUN_STANDARD"/>
    <property name="user.country" value="IN"/>
    <property name="sun.boot.library.path" value="C:\Users\wbox42\.p2\pool\plugins\org.eclipse.justj.openjdk.hotspot.jre.full.win32.x86_64_17.0.9.v20231028-0858\jre\bin"/>
    <property name="sun.java.command" value="C:\Users\wbox42\AppData\Local\Temp\surefire4308236402664922199\surefirebooter1924353321101809183.jar C:\Users\wbox42\AppData\Local\Temp\surefire4308236402664922199 2024-01-22T18-00-28_315-jvmRun1 surefire2961117524427074945tmp surefire_01457337301288272497tmp"/>
    <property name="jdk.debug" value="release"/>
    <property name="surefire.test.class.path" value="C:\Users\wbox42\eclipse-workspace\WaitListMeSynchronised\target\test-classes;C:\Users\wbox42\eclipse-workspace\WaitListMeSynchronised\target\classes;C:\Users\wbox42\.m2\repository\org\seleniumhq\selenium\selenium-java\4.16.1\selenium-java-4.16.1.jar;C:\Users\wbox42\.m2\repository\org\seleniumhq\selenium\selenium-api\4.16.1\selenium-api-4.16.1.jar;C:\Users\wbox42\.m2\repository\org\seleniumhq\selenium\selenium-chrome-driver\4.16.1\selenium-chrome-driver-4.16.1.jar;C:\Users\wbox42\.m2\repository\com\google\auto\service\auto-service-annotations\1.1.1\auto-service-annotations-1.1.1.jar;C:\Users\wbox42\.m2\repository\org\seleniumhq\selenium\selenium-chromium-driver\4.16.1\selenium-chromium-driver-4.16.1.jar;C:\Users\wbox42\.m2\repository\org\seleniumhq\selenium\selenium-json\4.16.1\selenium-json-4.16.1.jar;C:\Users\wbox42\.m2\repository\org\seleniumhq\selenium\selenium-manager\4.16.1\selenium-manager-4.16.1.jar;C:\Users\wbox42\.m2\repository\org\seleniumhq\selenium\selenium-devtools-v118\4.16.1\selenium-devtools-v118-4.16.1.jar;C:\Users\wbox42\.m2\repository\org\seleniumhq\selenium\selenium-devtools-v119\4.16.1\selenium-devtools-v119-4.16.1.jar;C:\Users\wbox42\.m2\repository\org\seleniumhq\selenium\selenium-devtools-v120\4.16.1\selenium-devtools-v120-4.16.1.jar;C:\Users\wbox42\.m2\repository\org\seleniumhq\selenium\selenium-devtools-v85\4.16.1\selenium-devtools-v85-4.16.1.jar;C:\Users\wbox42\.m2\repository\org\seleniumhq\selenium\selenium-edge-driver\4.16.1\selenium-edge-driver-4.16.1.jar;C:\Users\wbox42\.m2\repository\org\seleniumhq\selenium\selenium-firefox-driver\4.16.1\selenium-firefox-driver-4.16.1.jar;C:\Users\wbox42\.m2\repository\org\seleniumhq\selenium\selenium-http\4.16.1\selenium-http-4.16.1.jar;C:\Users\wbox42\.m2\repository\dev\failsafe\failsafe\3.3.2\failsafe-3.3.2.jar;C:\Users\wbox42\.m2\repository\org\seleniumhq\selenium\selenium-ie-driver\4.16.1\selenium-ie-driver-4.16.1.jar;C:\Users\wbox42\.m2\repository\org\seleniumhq\selenium\selenium-remote-driver\4.16.1\selenium-remote-driver-4.16.1.jar;C:\Users\wbox42\.m2\repository\com\google\guava\guava\32.1.2-jre\guava-32.1.2-jre.jar;C:\Users\wbox42\.m2\repository\com\google\guava\failureaccess\1.0.1\failureaccess-1.0.1.jar;C:\Users\wbox42\.m2\repository\com\google\guava\listenablefuture\9999.0-empty-to-avoid-conflict-with-guava\listenablefuture-9999.0-empty-to-avoid-conflict-with-guava.jar;C:\Users\wbox42\.m2\repository\com\google\code\findbugs\jsr305\3.0.2\jsr305-3.0.2.jar;C:\Users\wbox42\.m2\repository\org\checkerframework\checker-qual\3.33.0\checker-qual-3.33.0.jar;C:\Users\wbox42\.m2\repository\com\google\errorprone\error_prone_annotations\2.18.0\error_prone_annotations-2.18.0.jar;C:\Users\wbox42\.m2\repository\com\google\j2objc\j2objc-annotations\2.8\j2objc-annotations-2.8.jar;C:\Users\wbox42\.m2\repository\io\opentelemetry\opentelemetry-api\1.28.0\opentelemetry-api-1.28.0.jar;C:\Users\wbox42\.m2\repository\io\opentelemetry\opentelemetry-context\1.28.0\opentelemetry-context-1.28.0.jar;C:\Users\wbox42\.m2\repository\io\opentelemetry\opentelemetry-exporter-logging\1.28.0\opentelemetry-exporter-logging-1.28.0.jar;C:\Users\wbox42\.m2\repository\io\opentelemetry\opentelemetry-sdk-metrics\1.28.0\opentelemetry-sdk-metrics-1.28.0.jar;C:\Users\wbox42\.m2\repository\io\opentelemetry\opentelemetry-extension-incubator\1.28.0-alpha\opentelemetry-extension-incubator-1.28.0-alpha.jar;C:\Users\wbox42\.m2\repository\io\opentelemetry\opentelemetry-sdk-logs\1.28.0\opentelemetry-sdk-logs-1.28.0.jar;C:\Users\wbox42\.m2\repository\io\opentelemetry\opentelemetry-sdk-common\1.28.0\opentelemetry-sdk-common-1.28.0.jar;C:\Users\wbox42\.m2\repository\io\opentelemetry\opentelemetry-sdk-extension-autoconfigure-spi\1.28.0\opentelemetry-sdk-extension-autoconfigure-spi-1.28.0.jar;C:\Users\wbox42\.m2\repository\io\opentelemetry\opentelemetry-sdk-extension-autoconfigure\1.28.0\opentelemetry-sdk-extension-autoconfigure-1.28.0.jar;C:\Users\wbox42\.m2\repository\io\opentelemetry\opentelemetry-api-events\1.28.0-alpha\opentelemetry-api-events-1.28.0-alpha.jar;C:\Users\wbox42\.m2\repository\io\opentelemetry\opentelemetry-sdk-trace\1.28.0\opentelemetry-sdk-trace-1.28.0.jar;C:\Users\wbox42\.m2\repository\io\opentelemetry\opentelemetry-sdk\1.28.0\opentelemetry-sdk-1.28.0.jar;C:\Users\wbox42\.m2\repository\io\opentelemetry\opentelemetry-semconv\1.28.0-alpha\opentelemetry-semconv-1.28.0-alpha.jar;C:\Users\wbox42\.m2\repository\net\bytebuddy\byte-buddy\1.14.5\byte-buddy-1.14.5.jar;C:\Users\wbox42\.m2\repository\org\seleniumhq\selenium\selenium-os\4.16.1\selenium-os-4.16.1.jar;C:\Users\wbox42\.m2\repository\org\apache\commons\commons-exec\1.3\commons-exec-1.3.jar;C:\Users\wbox42\.m2\repository\org\seleniumhq\selenium\selenium-safari-driver\4.16.1\selenium-safari-driver-4.16.1.jar;C:\Users\wbox42\.m2\repository\org\seleniumhq\selenium\selenium-support\4.16.1\selenium-support-4.16.1.jar;C:\Users\wbox42\.m2\repository\commons-io\commons-io\2.11.0\commons-io-2.11.0.jar;C:\Users\wbox42\.m2\repository\org\apache\poi\poi\5.2.3\poi-5.2.3.jar;C:\Users\wbox42\.m2\repository\commons-codec\commons-codec\1.15\commons-codec-1.15.jar;C:\Users\wbox42\.m2\repository\org\apache\commons\commons-collections4\4.4\commons-collections4-4.4.jar;C:\Users\wbox42\.m2\repository\org\apache\commons\commons-math3\3.6.1\commons-math3-3.6.1.jar;C:\Users\wbox42\.m2\repository\com\zaxxer\SparseBitSet\1.2\SparseBitSet-1.2.jar;C:\Users\wbox42\.m2\repository\org\apache\poi\poi-ooxml\5.2.3\poi-ooxml-5.2.3.jar;C:\Users\wbox42\.m2\repository\org\apache\poi\poi-ooxml-lite\5.2.3\poi-ooxml-lite-5.2.3.jar;C:\Users\wbox42\.m2\repository\org\apache\xmlbeans\xmlbeans\5.1.1\xmlbeans-5.1.1.jar;C:\Users\wbox42\.m2\repository\org\apache\commons\commons-compress\1.21\commons-compress-1.21.jar;C:\Users\wbox42\.m2\repository\com\github\virtuald\curvesapi\1.07\curvesapi-1.07.jar;C:\Users\wbox42\.m2\repository\org\testng\testng\7.4.0\testng-7.4.0.jar;C:\Users\wbox42\.m2\repository\com\beust\jcommander\1.78\jcommander-1.78.jar;C:\Users\wbox42\.m2\repository\org\webjars\jquery\3.5.1\jquery-3.5.1.jar;C:\Users\wbox42\.m2\repository\com\aventstack\extentreports\3.1.5\extentreports-3.1.5.jar;C:\Users\wbox42\.m2\repository\org\freemarker\freemarker\2.3.23\freemarker-2.3.23.jar;C:\Users\wbox42\.m2\repository\org\mongodb\mongodb-driver\3.3.0\mongodb-driver-3.3.0.jar;C:\Users\wbox42\.m2\repository\org\mongodb\bson\3.3.0\bson-3.3.0.jar;C:\Users\wbox42\.m2\repository\org\mongodb\mongodb-driver-core\3.3.0\mongodb-driver-core-3.3.0.jar;C:\Users\wbox42\.m2\repository\org\apache\httpcomponents\httpclient\4.5.2\httpclient-4.5.2.jar;C:\Users\wbox42\.m2\repository\org\apache\httpcomponents\httpcore\4.4.4\httpcore-4.4.4.jar;C:\Users\wbox42\.m2\repository\commons-logging\commons-logging\1.2\commons-logging-1.2.jar;C:\Users\wbox42\.m2\repository\org\apache\httpcomponents\httpmime\4.5.2\httpmime-4.5.2.jar;C:\Users\wbox42\.m2\repository\org\jsoup\jsoup\1.9.2\jsoup-1.9.2.jar;C:\Users\wbox42\.m2\repository\com\google\code\gson\gson\2.8.0\gson-2.8.0.jar;C:\Users\wbox42\.m2\repository\org\apache\logging\log4j\log4j-api\2.20.0\log4j-api-2.20.0.jar;C:\Users\wbox42\.m2\repository\org\apache\logging\log4j\log4j-core\2.20.0\log4j-core-2.20.0.jar;"/>
    <property name="sun.cpu.endian" value="little"/>
    <property name="user.home" value="C:\Users\wbox42"/>
    <property name="user.language" value="en"/>
    <property name="java.specification.vendor" value="Oracle Corporation"/>
    <property name="java.version.date" value="2023-10-17"/>
    <property name="java.home" value="C:\Users\wbox42\.p2\pool\plugins\org.eclipse.justj.openjdk.hotspot.jre.full.win32.x86_64_17.0.9.v20231028-0858\jre"/>
    <property name="file.separator" value="\"/>
    <property name="style.color" value="always"/>
    <property name="basedir" value="C:\Users\wbox42\eclipse-workspace\WaitListMeSynchronised"/>
    <property name="java.vm.compressedOopsMode" value="32-bit"/>
    <property name="line.separator" value="&#10;"/>
    <property name="java.vm.specification.vendor" value="Oracle Corporation"/>
    <property name="java.specification.name" value="Java Platform API Specification"/>
    <property name="surefire.real.class.path" value="C:\Users\wbox42\AppData\Local\Temp\surefire4308236402664922199\surefirebooter1924353321101809183.jar"/>
    <property name="user.script" value=""/>
    <property name="sun.management.compiler" value="HotSpot 64-Bit Tiered Compilers"/>
    <property name="java.runtime.version" value="17.0.9+9"/>
    <property name="user.name" value="wbox42"/>
    <property name="path.separator" value=";"/>
    <property name="os.version" value="10.0"/>
    <property name="java.runtime.name" value="OpenJDK Runtime Environment"/>
    <property name="file.encoding" value="Cp1252"/>
    <property name="java.vm.name" value="OpenJDK 64-Bit Server VM"/>
    <property name="java.vendor.version" value="Temurin-17.0.9+9"/>
    <property name="localRepository" value="C:\Users\wbox42\.m2\repository"/>
    <property name="java.vendor.url.bug" value="https://github.com/adoptium/adoptium-support/issues"/>
    <property name="java.io.tmpdir" value="C:\Users\wbox42\AppData\Local\Temp\"/>
    <property name="java.version" value="17.0.9"/>
    <property name="user.dir" value="C:\Users\wbox42\eclipse-workspace\WaitListMeSynchronised"/>
    <property name="os.arch" value="amd64"/>
    <property name="java.vm.specification.name" value="Java Virtual Machine Specification"/>
    <property name="sun.os.patch.level" value=""/>
    <property name="native.encoding" value="Cp1252"/>
    <property name="java.library.path" value="C:\Users\wbox42\.p2\pool\plugins\org.eclipse.justj.openjdk.hotspot.jre.full.win32.x86_64_17.0.9.v20231028-0858\jre\bin;C:\Windows\Sun\Java\bin;C:\Windows\system32;C:\Windows;C:/Users/wbox42/.p2/pool/plugins/org.eclipse.justj.openjdk.hotspot.jre.full.win32.x86_64_21.0.1.v20231028-0937/jre/bin/server;C:/Users/wbox42/.p2/pool/plugins/org.eclipse.justj.openjdk.hotspot.jre.full.win32.x86_64_21.0.1.v20231028-0937/jre/bin;C:\Program Files\Common Files\Oracle\Java\javapath;C:\Windows\system32;C:\Windows;C:\Windows\System32\Wbem;C:\Windows\System32\WindowsPowerShell\v1.0\;C:\Windows\System32\OpenSSH\;C:\Program Files\nodejs\;C:\Users\wbox42\Desktop\android-sdk\platform-tools;C:\Program Files\Git\cmd;C:\Users\wbox42\AppData\Local\Microsoft\WindowsApps;C:\Users\wbox42\AppData\Roaming\npm;C:\Windows\system32;;."/>
    <property name="java.vm.info" value="mixed mode"/>
    <property name="java.vendor" value="Eclipse Adoptium"/>
    <property name="java.vm.version" value="17.0.9+9"/>
    <property name="sun.io.unicode.encoding" value="UnicodeLittle"/>
    <property name="java.class.version" value="61.0"/>
  </properties>
  <testcase name="createWaitList[Robert, 564582549, Smith@yopmail.com](1)" classname="endtoend.Create_Edit_delete_waitlist" time="17.193">
    <system-out><![CDATA[Test Suite started!
createWaitList started!
[INFO ] 2024-01-22 18:00:40.850 [main] Create_Edit_delete_waitlist - Clicked login button
[INFO ] 2024-01-22 18:00:42.107 [main] Create_Edit_delete_waitlist - Entered email
[INFO ] 2024-01-22 18:00:43.353 [main] Create_Edit_delete_waitlist - Entered password
[INFO ] 2024-01-22 18:00:46.279 [main] Create_Edit_delete_waitlist - Clicked login button
[INFO ] 2024-01-22 18:00:55.779 [main] Create_Edit_delete_waitlist - Clicked waitlist link
]]></system-out>
  </testcase>
  <testcase name="deleteParty[Robert, 564582549, Smith@yopmail.com](1)" classname="endtoend.Create_Edit_delete_waitlist" time="18.681">
    <system-out><![CDATA[createWaitList passed!
deleteParty started!
[INFO ] 2024-01-22 18:01:06.903 [main] Create_Edit_delete_waitlist - Clicked waitlistparty link
[INFO ] 2024-01-22 18:01:09.702 [main] Create_Edit_delete_waitlist - Clicked delete button
[INFO ] 2024-01-22 18:01:11.470 [main] Create_Edit_delete_waitlist - Clicked no button
[INFO ] 2024-01-22 18:01:12.668 [main] Create_Edit_delete_waitlist - Clicked delete button
[INFO ] 2024-01-22 18:01:14.474 [main] Create_Edit_delete_waitlist - Clicked yes button
]]></system-out>
  </testcase>
  <testcase name="checkHistory[Robert, 564582549, Smith@yopmail.com](1)" classname="endtoend.Create_Edit_delete_waitlist" time="4.781">
    <system-out><![CDATA[deleteParty passed!
checkHistory started!
[INFO ] 2024-01-22 18:01:15.660 [main] Create_Edit_delete_waitlist - Clicked show history button
[INFO ] 2024-01-22 18:01:19.258 [main] Create_Edit_delete_waitlist - Clicked waitlist party in history tab
]]></system-out>
  </testcase>
  <testcase name="restoreParty[Robert, 564582549, Smith@yopmail.com](1)" classname="endtoend.Create_Edit_delete_waitlist" time="7.098">
    <system-out><![CDATA[checkHistory passed!
restoreParty started!
[INFO ] 2024-01-22 18:01:26.353 [main] Create_Edit_delete_waitlist - Clicked waitlist link
]]></system-out>
  </testcase>
  <testcase name="editParty[Robert, 564582549, Smith@yopmail.com](1)" classname="endtoend.Create_Edit_delete_waitlist" time="25.175">
    <system-out><![CDATA[restoreParty passed!
editParty started!
[INFO ] 2024-01-22 18:01:28.476 [main] Create_Edit_delete_waitlist - Clicked edit waitlist party button
[INFO ] 2024-01-22 18:01:31.226 [main] Create_Edit_delete_waitlist - Cleared name text field
[INFO ] 2024-01-22 18:01:32.571 [main] Create_Edit_delete_waitlist - Entered Name
[INFO ] 2024-01-22 18:01:33.790 [main] Create_Edit_delete_waitlist - Cleared phone text field
[INFO ] 2024-01-22 18:01:35.101 [main] Create_Edit_delete_waitlist - Entered Phone number
[INFO ] 2024-01-22 18:01:36.377 [main] Create_Edit_delete_waitlist - Cleared email text field
[INFO ] 2024-01-22 18:01:37.803 [main] Create_Edit_delete_waitlist - Entered Email
[INFO ] 2024-01-22 18:01:39.008 [main] Create_Edit_delete_waitlist - Cleared notes text field
[INFO ] 2024-01-22 18:01:40.261 [main] Create_Edit_delete_waitlist - Entered notes in notes text field
[INFO ] 2024-01-22 18:01:41.625 [main] Create_Edit_delete_waitlist - Entered time in quoted duration
[INFO ] 2024-01-22 18:01:42.953 [main] Create_Edit_delete_waitlist - Clicked update link
[INFO ] 2024-01-22 18:01:44.790 [main] Create_Edit_delete_waitlist - Clicked  assignment link
[INFO ] 2024-01-22 18:01:46.103 [main] Create_Edit_delete_waitlist - Clicked done button
[INFO ] 2024-01-22 18:01:47.859 [main] Create_Edit_delete_waitlist - Cleared member size
[INFO ] 2024-01-22 18:01:49.116 [main] Create_Edit_delete_waitlist - Entered member size
[INFO ] 2024-01-22 18:01:50.324 [main] Create_Edit_delete_waitlist - Clicked color code for status
]]></system-out>
  </testcase>
  <testcase name="createWaitList[Richard, 654879879, Richard@yopmail.com](1)" classname="endtoend.CreateEditDeleteEtaWaitlist" time="15.285">
    <system-out><![CDATA[editParty passed!
createWaitList started!
[INFO ] 2024-01-22 18:02:01.426 [main] Create_Edit_delete_waitlist - Clicked login button
[INFO ] 2024-01-22 18:02:02.734 [main] Create_Edit_delete_waitlist - Entered email
[INFO ] 2024-01-22 18:02:03.920 [main] Create_Edit_delete_waitlist - Entered password
[INFO ] 2024-01-22 18:02:06.940 [main] Create_Edit_delete_waitlist - Clicked login button
[INFO ] 2024-01-22 18:02:14.538 [main] Create_Edit_delete_waitlist - Clicked waitlist link
]]></system-out>
  </testcase>
  <testcase name="deleteParty[Richard, 654879879, Richard@yopmail.com](1)" classname="endtoend.CreateEditDeleteEtaWaitlist" time="15.395">
    <system-out><![CDATA[createWaitList passed!
deleteParty started!
[INFO ] 2024-01-22 18:02:22.502 [main] Create_Edit_delete_waitlist - Clicked waitlistparty link
[INFO ] 2024-01-22 18:02:25.270 [main] Create_Edit_delete_waitlist - Clicked delete button
[INFO ] 2024-01-22 18:02:26.998 [main] Create_Edit_delete_waitlist - Clicked no button
[INFO ] 2024-01-22 18:02:28.193 [main] Create_Edit_delete_waitlist - Clicked delete button
[INFO ] 2024-01-22 18:02:29.937 [main] Create_Edit_delete_waitlist - Clicked yes button
]]></system-out>
  </testcase>
  <testcase name="checkHistory[Richard, 654879879, Richard@yopmail.com](1)" classname="endtoend.CreateEditDeleteEtaWaitlist" time="9.709">
    <system-out><![CDATA[deleteParty passed!
checkHistory started!
[INFO ] 2024-01-22 18:02:31.143 [main] Create_Edit_delete_waitlist - Clicked show history button
[INFO ] 2024-01-22 18:02:37.312 [main] Create_Edit_delete_waitlist - Clicked waitlist party in history tab
[INFO ] 2024-01-22 18:02:39.647 [main] Create_Edit_delete_waitlist - Clicked return to waitlist button
]]></system-out>
  </testcase>
  <testcase name="restoreParty[Richard, 654879879, Richard@yopmail.com](1)" classname="endtoend.CreateEditDeleteEtaWaitlist" time="14.263">
    <system-out><![CDATA[checkHistory passed!
restoreParty started!
[INFO ] 2024-01-22 18:02:53.910 [main] Create_Edit_delete_waitlist - Clicked waitlist link
]]></system-out>
  </testcase>
  <testcase name="editParty[Richard, 654879879, Richard@yopmail.com](1)" classname="endtoend.CreateEditDeleteEtaWaitlist" time="26.604">
    <system-out><![CDATA[restoreParty passed!
editParty started!
[INFO ] 2024-01-22 18:02:58.862 [main] Create_Edit_delete_waitlist - Clicked edit waitlist party button
[INFO ] 2024-01-22 18:03:01.619 [main] Create_Edit_delete_waitlist - Cleared name text field
[INFO ] 2024-01-22 18:03:02.993 [main] Create_Edit_delete_waitlist - Entered Name
[INFO ] 2024-01-22 18:03:04.154 [main] Create_Edit_delete_waitlist - Cleared phone text field
[INFO ] 2024-01-22 18:03:05.486 [main] Create_Edit_delete_waitlist - Entered Phone number
[INFO ] 2024-01-22 18:03:06.712 [main] Create_Edit_delete_waitlist - Cleared email text field
[INFO ] 2024-01-22 18:03:08.146 [main] Create_Edit_delete_waitlist - Entered Email
[INFO ] 2024-01-22 18:03:09.377 [main] Create_Edit_delete_waitlist - Cleared notes text field
[INFO ] 2024-01-22 18:03:10.596 [main] Create_Edit_delete_waitlist - Entered notes in notes text field
[INFO ] 2024-01-22 18:03:11.947 [main] Create_Edit_delete_waitlist - Clicked update link
[INFO ] 2024-01-22 18:03:13.738 [main] Create_Edit_delete_waitlist - Clicked  assignment link
[INFO ] 2024-01-22 18:03:15.029 [main] Create_Edit_delete_waitlist - Clicked done button
[INFO ] 2024-01-22 18:03:16.806 [main] Create_Edit_delete_waitlist - Cleared member size
[INFO ] 2024-01-22 18:03:18.045 [main] Create_Edit_delete_waitlist - Entered member size
[INFO ] 2024-01-22 18:03:19.279 [main] Create_Edit_delete_waitlist - Clicked color code for status
]]></system-out>
  </testcase>
</testsuite>