<?xml version="1.0" encoding="UTF-8"?>
<!-- Generated by org.testng.reporters.JUnitReportReporter -->
<testsuite hostname="WBOX42" failures="0" tests="5" name="endtoend.CreateEditDeleteEtaWaitlist" time="112.896" errors="0" timestamp="2024-01-22T11:30:28 IST" skipped="0">
  <testcase classname="endtoend.CreateEditDeleteEtaWaitlist" name="createWaitList" time="15.430"/>
  <system-out/>
  <testcase classname="endtoend.CreateEditDeleteEtaWaitlist" name="deleteParty" time="45.955"/>
  <system-out/>
  <testcase classname="endtoend.CreateEditDeleteEtaWaitlist" name="checkHistory" time="11.596"/>
  <system-out/>
  <testcase classname="endtoend.CreateEditDeleteEtaWaitlist" name="restoreParty" time="7.415"/>
  <system-out/>
  <testcase classname="endtoend.CreateEditDeleteEtaWaitlist" name="editParty" time="32.500"/>
  <system-out/>
</testsuite> <!-- endtoend.CreateEditDeleteEtaWaitlist -->
