<?xml version="1.0" encoding="UTF-8"?>
<!-- Generated by org.testng.reporters.JUnitReportReporter -->
<testsuite hostname="WBOX42" failures="0" tests="5" name="endtoend.Create_Edit_delete_waitlist" time="36.766" errors="0" timestamp="2024-01-17T18:10:36 IST" skipped="0">
  <testcase classname="endtoend.Create_Edit_delete_waitlist" name="createWaitList" time="11.064"/>
  <system-out/>
  <testcase classname="endtoend.Create_Edit_delete_waitlist" name="deleteParty" time="7.570"/>
  <system-out/>
  <testcase classname="endtoend.Create_Edit_delete_waitlist" name="checkHistory" time="3.129"/>
  <system-out/>
  <testcase classname="endtoend.Create_Edit_delete_waitlist" name="restoreParty" time="10.903"/>
  <system-out/>
  <testcase classname="endtoend.Create_Edit_delete_waitlist" name="editParty" time="4.100"/>
  <system-out/>
</testsuite> <!-- endtoend.Create_Edit_delete_waitlist -->
