<?xml version="1.0" encoding="UTF-8"?>
<!-- Generated by org.testng.reporters.JUnitReportReporter -->
<testsuite hostname="WBOX42" failures="0" tests="7" name="endtoend.CreateEditDeleteEtaWaitlist" time="141.536" errors="0" timestamp="2024-02-15T16:46:33 IST" skipped="0">
  <testcase classname="endtoend.CreateEditDeleteEtaWaitlist" name="createWaitList" time="16.449"/>
  <system-out/>
  <testcase classname="endtoend.CreateEditDeleteEtaWaitlist" name="deleteParty" time="18.127"/>
  <system-out/>
  <testcase classname="endtoend.CreateEditDeleteEtaWaitlist" name="checkHistory" time="10.037"/>
  <system-out/>
  <testcase classname="endtoend.CreateEditDeleteEtaWaitlist" name="restoreParty" time="3.894"/>
  <system-out/>
  <testcase classname="endtoend.CreateEditDeleteEtaWaitlist" name="editParty" time="41.316"/>
  <system-out/>
  <testcase classname="endtoend.CreateEditDeleteEtaWaitlist" name="restoreEditParty" time="40.058"/>
  <system-out/>
  <testcase classname="endtoend.CreateEditDeleteEtaWaitlist" name="logout" time="11.655"/>
  <system-out/>
</testsuite> <!-- endtoend.CreateEditDeleteEtaWaitlist -->
