<?xml version="1.0" encoding="UTF-8"?>
<!-- Generated by org.testng.reporters.JUnitReportReporter -->
<testsuite hostname="WBOX42" failures="0" tests="5" name="endtoend.CreateEditDeleteEtaWaitlist" time="48.099" errors="0" timestamp="2024-01-17T18:10:36 IST" skipped="0">
  <testcase classname="endtoend.CreateEditDeleteEtaWaitlist" name="createWaitList" time="9.984"/>
  <system-out/>
  <testcase classname="endtoend.CreateEditDeleteEtaWaitlist" name="deleteParty" time="10.702"/>
  <system-out/>
  <testcase classname="endtoend.CreateEditDeleteEtaWaitlist" name="checkHistory" time="9.487"/>
  <system-out/>
  <testcase classname="endtoend.CreateEditDeleteEtaWaitlist" name="restoreParty" time="14.214"/>
  <system-out/>
  <testcase classname="endtoend.CreateEditDeleteEtaWaitlist" name="editParty" time="3.712"/>
  <system-out/>
</testsuite> <!-- endtoend.CreateEditDeleteEtaWaitlist -->
