<?xml version="1.0" encoding="UTF-8"?>
<!-- Generated by org.testng.reporters.JUnitReportReporter -->
<testsuite hostname="WBOX42" failures="0" tests="1" name="endtoend.loginScenarios" time="11.463" errors="0" timestamp="2024-01-31T16:04:15 IST" skipped="0">
  <testcase classname="endtoend.loginScenarios" name="loginWithValidCredentials" time="11.463"/>
  <system-out/>
</testsuite> <!-- endtoend.loginScenarios -->
