<?xml version="1.0" encoding="UTF-8"?>
<!-- Generated by org.testng.reporters.JUnitReportReporter -->
<testsuite hostname="WBOX42" failures="0" tests="7" name="endtoend.CreateEditDeleteEtaWaitlist" time="142.809" errors="0" timestamp="2024-02-14T10:22:44 IST" skipped="0">
  <testcase classname="endtoend.CreateEditDeleteEtaWaitlist" name="createWaitList" time="15.178"/>
  <system-out/>
  <testcase classname="endtoend.CreateEditDeleteEtaWaitlist" name="deleteParty" time="16.072"/>
  <system-out/>
  <testcase classname="endtoend.CreateEditDeleteEtaWaitlist" name="checkHistory" time="9.698"/>
  <system-out/>
  <testcase classname="endtoend.CreateEditDeleteEtaWaitlist" name="restoreParty" time="3.866"/>
  <system-out/>
  <testcase classname="endtoend.CreateEditDeleteEtaWaitlist" name="editParty" time="48.174"/>
  <system-out/>
  <testcase classname="endtoend.CreateEditDeleteEtaWaitlist" name="restoreEditParty" time="40.307"/>
  <system-out/>
  <testcase classname="endtoend.CreateEditDeleteEtaWaitlist" name="logout" time="9.514"/>
  <system-out/>
</testsuite> <!-- endtoend.CreateEditDeleteEtaWaitlist -->
