<?xml version="1.0" encoding="UTF-8"?>
<!-- Generated by org.testng.reporters.JUnitReportReporter -->
<testsuite hostname="WBOX42" failures="0" tests="1" name="endtoend.loginScenarios" time="7.551" errors="0" timestamp="2024-01-19T15:11:25 IST" skipped="0">
  <testcase classname="endtoend.loginScenarios" name="loginWithValidCredentials" time="7.551"/>
  <system-out/>
</testsuite> <!-- endtoend.loginScenarios -->
