<?xml version="1.0" encoding="UTF-8"?>
<!-- Generated by org.testng.reporters.JUnitReportReporter -->
<testsuite hostname="WBOX42" failures="0" tests="5" name="endtoend.Create_Edit_delete_waitlist" time="64.271" errors="0" timestamp="2024-01-22T11:30:28 IST" skipped="0">
  <testcase classname="endtoend.Create_Edit_delete_waitlist" name="createWaitList" time="15.470"/>
  <system-out/>
  <testcase classname="endtoend.Create_Edit_delete_waitlist" name="deleteParty" time="11.157"/>
  <system-out/>
  <testcase classname="endtoend.Create_Edit_delete_waitlist" name="checkHistory" time="4.358"/>
  <system-out/>
  <testcase classname="endtoend.Create_Edit_delete_waitlist" name="restoreParty" time="6.916"/>
  <system-out/>
  <testcase classname="endtoend.Create_Edit_delete_waitlist" name="editParty" time="26.370"/>
  <system-out/>
</testsuite> <!-- endtoend.Create_Edit_delete_waitlist -->
