<?xml version="1.0" encoding="UTF-8"?>
<!-- Generated by org.testng.reporters.JUnitReportReporter -->
<testsuite hostname="WBOX42" failures="0" tests="7" name="endtoend.Create_Edit_delete_waitlist" time="108.204" errors="0" timestamp="2024-02-15T14:40:34 IST" skipped="0">
  <testcase classname="endtoend.Create_Edit_delete_waitlist" name="createWaitList" time="11.476"/>
  <system-out/>
  <testcase classname="endtoend.Create_Edit_delete_waitlist" name="deleteParty" time="14.887"/>
  <system-out/>
  <testcase classname="endtoend.Create_Edit_delete_waitlist" name="checkHistory" time="4.608"/>
  <system-out/>
  <testcase classname="endtoend.Create_Edit_delete_waitlist" name="restoreParty" time="3.745"/>
  <system-out/>
  <testcase classname="endtoend.Create_Edit_delete_waitlist" name="editParty" time="34.202"/>
  <system-out/>
  <testcase classname="endtoend.Create_Edit_delete_waitlist" name="restoreEditParty" time="30.093"/>
  <system-out/>
  <testcase classname="endtoend.Create_Edit_delete_waitlist" name="logout" time="9.193"/>
  <system-out/>
</testsuite> <!-- endtoend.Create_Edit_delete_waitlist -->
