<?xml version="1.0" encoding="UTF-8"?>
<!-- Generated by org.testng.reporters.JUnitReportReporter -->
<testsuite hostname="WBOX42" failures="0" tests="3" name="endtoend.LoginScenarios" time="44.346" errors="0" timestamp="2024-01-15T11:18:03 IST" skipped="0">
  <testcase classname="endtoend.LoginScenarios" name="validCredentials" time="15.433"/>
  <system-out/>
  <testcase classname="endtoend.LoginScenarios" name="invalidPassword" time="13.777"/>
  <system-out/>
  <testcase classname="endtoend.LoginScenarios" name="invalidEmail" time="15.136"/>
  <system-out/>
</testsuite> <!-- endtoend.LoginScenarios -->
