<?xml version="1.0" encoding="UTF-8"?>
<!-- Generated by org.testng.reporters.JUnitReportReporter -->
<testsuite hostname="WBOX42" failures="0" tests="7" name="endtoend.Create_Edit_delete_waitlist" time="114.360" errors="0" timestamp="2024-02-14T10:22:44 IST" skipped="0">
  <testcase classname="endtoend.Create_Edit_delete_waitlist" name="createWaitList" time="18.079"/>
  <system-out/>
  <testcase classname="endtoend.Create_Edit_delete_waitlist" name="deleteParty" time="15.322"/>
  <system-out/>
  <testcase classname="endtoend.Create_Edit_delete_waitlist" name="checkHistory" time="4.100"/>
  <system-out/>
  <testcase classname="endtoend.Create_Edit_delete_waitlist" name="restoreParty" time="5.011"/>
  <system-out/>
  <testcase classname="endtoend.Create_Edit_delete_waitlist" name="editParty" time="31.482"/>
  <system-out/>
  <testcase classname="endtoend.Create_Edit_delete_waitlist" name="restoreEditParty" time="31.155"/>
  <system-out/>
  <testcase classname="endtoend.Create_Edit_delete_waitlist" name="logout" time="9.211"/>
  <system-out/>
</testsuite> <!-- endtoend.Create_Edit_delete_waitlist -->
