<?xml version="1.0" encoding="UTF-8"?>
<!-- Generated by org.testng.reporters.JUnitReportReporter -->
<testsuite hostname="WBOX42" failures="0" tests="1" name="endtoend.CreateWaitList" time="37.416" errors="0" timestamp="2024-01-16T12:58:24 IST" skipped="0">
  <testcase classname="endtoend.CreateWaitList" name="createWaitList" time="37.416"/>
  <system-out/>
</testsuite> <!-- endtoend.CreateWaitList -->
