<?xml version="1.0" encoding="UTF-8"?>
<!-- Generated by org.testng.reporters.JUnitReportReporter -->
<testsuite hostname="WBOX42" failures="0" tests="1" name="endtoend.LoginScenarios" time="47.112" errors="0" timestamp="2024-01-16T17:53:55 IST" skipped="0">
  <testcase classname="endtoend.LoginScenarios" name="validCredentials" time="47.112"/>
  <system-out/>
</testsuite> <!-- endtoend.LoginScenarios -->
