<?xml version="1.0" encoding="UTF-8"?>
<!-- Generated by org.testng.reporters.JUnitReportReporter -->
<testsuite hostname="WBOX42" failures="0" tests="5" name="endtoend.Create_Edit_delete_waitlist" time="49.934" errors="0" timestamp="2024-01-20T11:23:59 IST" skipped="0">
  <testcase classname="endtoend.Create_Edit_delete_waitlist" name="createWaitList" time="16.957"/>
  <system-out/>
  <testcase classname="endtoend.Create_Edit_delete_waitlist" name="deleteParty" time="12.498"/>
  <system-out/>
  <testcase classname="endtoend.Create_Edit_delete_waitlist" name="checkHistory" time="4.206"/>
  <system-out/>
  <testcase classname="endtoend.Create_Edit_delete_waitlist" name="restoreParty" time="8.903"/>
  <system-out/>
  <testcase classname="endtoend.Create_Edit_delete_waitlist" name="editParty" time="7.370"/>
  <system-out/>
</testsuite> <!-- endtoend.Create_Edit_delete_waitlist -->
