<?xml version="1.0" encoding="UTF-8"?>
<!-- Generated by org.testng.reporters.JUnitReportReporter -->
<testsuite hostname="WBOX42" failures="0" tests="1" name="endtoend.loginScenarios" time="19.435" errors="0" timestamp="2024-04-25T11:58:17 IST" skipped="0">
  <testcase classname="endtoend.loginScenarios" name="loginWithValidCredentials" time="19.435"/>
  <system-out/>
</testsuite> <!-- endtoend.loginScenarios -->
