<?xml version="1.0" encoding="UTF-8"?>
<!-- Generated by org.testng.reporters.JUnitReportReporter -->
<testsuite hostname="WBOX42" failures="0" tests="3" name="endtoend.LoginScenarios" time="38.386" errors="0" timestamp="2024-01-16T13:25:30 IST" skipped="0">
  <testcase classname="endtoend.LoginScenarios" name="validCredentials" time="14.190"/>
  <system-out/>
  <testcase classname="endtoend.LoginScenarios" name="invalidPassword" time="12.573"/>
  <system-out/>
  <testcase classname="endtoend.LoginScenarios" name="invalidEmail" time="11.623"/>
  <system-out/>
</testsuite> <!-- endtoend.LoginScenarios -->
