<?xml version="1.0" encoding="UTF-8"?>
<!-- Generated by org.testng.reporters.JUnitReportReporter -->
<testsuite hostname="WBOX42" failures="0" tests="5" name="endtoend.Create_Edit_delete_waitlist" time="72.918" errors="0" timestamp="2024-01-22T18:03:21 IST" skipped="0">
  <testcase classname="endtoend.Create_Edit_delete_waitlist" name="createWaitList" time="17.188"/>
  <system-out/>
  <testcase classname="endtoend.Create_Edit_delete_waitlist" name="deleteParty" time="18.681"/>
  <system-out/>
  <testcase classname="endtoend.Create_Edit_delete_waitlist" name="checkHistory" time="4.781"/>
  <system-out/>
  <testcase classname="endtoend.Create_Edit_delete_waitlist" name="restoreParty" time="7.094"/>
  <system-out/>
  <testcase classname="endtoend.Create_Edit_delete_waitlist" name="editParty" time="25.174"/>
  <system-out/>
</testsuite> <!-- endtoend.Create_Edit_delete_waitlist -->
