<?xml version="1.0" encoding="UTF-8"?>
<!-- Generated by org.testng.reporters.JUnitReportReporter -->
<testsuite hostname="WBOX42" failures="0" tests="1" name="endtoend.LoginScenarios" time="17.342" errors="0" timestamp="2024-01-16T11:10:25 IST" skipped="0">
  <testcase classname="endtoend.LoginScenarios" name="validCredentials" time="17.342"/>
  <system-out/>
</testsuite> <!-- endtoend.LoginScenarios -->
