<?xml version="1.0" encoding="UTF-8"?>
<!-- Generated by org.testng.reporters.JUnitReportReporter -->
<testsuite hostname="WBOX42" failures="0" tests="5" name="endtoend.CreateEditDeleteEtaWaitlist" time="81.256" errors="0" timestamp="2024-01-22T18:03:21 IST" skipped="0">
  <testcase classname="endtoend.CreateEditDeleteEtaWaitlist" name="createWaitList" time="15.286"/>
  <system-out/>
  <testcase classname="endtoend.CreateEditDeleteEtaWaitlist" name="deleteParty" time="15.396"/>
  <system-out/>
  <testcase classname="endtoend.CreateEditDeleteEtaWaitlist" name="checkHistory" time="9.708"/>
  <system-out/>
  <testcase classname="endtoend.CreateEditDeleteEtaWaitlist" name="restoreParty" time="14.261"/>
  <system-out/>
  <testcase classname="endtoend.CreateEditDeleteEtaWaitlist" name="editParty" time="26.605"/>
  <system-out/>
</testsuite> <!-- endtoend.CreateEditDeleteEtaWaitlist -->
